        -:    0:Source:dominion.c
        -:    0:Graph:dominion.gcno
        -:    0:Data:dominion.gcda
        -:    0:Runs:3
        -:    0:Programs:3
        -:    1:#include "dominion.h"
        -:    2:#include "dominion_helpers.h"
        -:    3:#include "rngs.h"
        -:    4:#include <stdio.h>
        -:    5:#include <math.h>
        -:    6:#include <stdlib.h>
        -:    7:
function compare called 31922300 returned 100% blocks executed 100%
 31922300:    8:int compare(const void* a, const void* b) {
 31922300:    9:  if (*(int*)a > *(int*)b)
branch  0 taken 36% (fallthrough)
branch  1 taken 64%
 11435402:   10:    return 1;
 20486898:   11:  if (*(int*)a < *(int*)b)
branch  0 taken 34% (fallthrough)
branch  1 taken 66%
  6952748:   12:    return -1;
 13534150:   13:  return 0;
        -:   14:}
        -:   15:
function newGame called 0 returned 0% blocks executed 0%
    #####:   16:struct gameState* newGame() {
    #####:   17:  struct gameState* g = malloc(sizeof(struct gameState));
    #####:   18:  return g;
        -:   19:}
        -:   20:
function kingdomCards called 0 returned 0% blocks executed 0%
    #####:   21:int* kingdomCards(int k1, int k2, int k3, int k4, int k5, int k6, int k7,
        -:   22:		  int k8, int k9, int k10) {
    #####:   23:  int* k = malloc(10 * sizeof(int));
    #####:   24:  k[0] = k1;
    #####:   25:  k[1] = k2;
    #####:   26:  k[2] = k3;
    #####:   27:  k[3] = k4;
    #####:   28:  k[4] = k5;
    #####:   29:  k[5] = k6;
    #####:   30:  k[6] = k7;
    #####:   31:  k[7] = k8;
    #####:   32:  k[8] = k9;
    #####:   33:  k[9] = k10;
    #####:   34:  return k;
        -:   35:}
        -:   36:
function initializeGame called 201000 returned 100% blocks executed 95%
   201000:   37:int initializeGame(int numPlayers, int kingdomCards[10], int randomSeed,
        -:   38:		   struct gameState *state) {
        -:   39:
        -:   40:  int i;
        -:   41:  int j;
        -:   42:  int it;			
        -:   43:  //set up random number generator
   201000:   44:  SelectStream(1);
call    0 returned 100%
   201000:   45:  PutSeed((long)randomSeed);
call    0 returned 100%
        -:   46:  
        -:   47:  //check number of players
   201000:   48:  if (numPlayers > MAX_PLAYERS || numPlayers < 2)
branch  0 taken 100% (fallthrough)
branch  1 taken 0%
branch  2 taken 0% (fallthrough)
branch  3 taken 100%
        -:   49:    {
    #####:   50:      return -1;
        -:   51:    }
        -:   52:
        -:   53:  //set number of players
   201000:   54:  state->numPlayers = numPlayers;
        -:   55:
        -:   56:  //check selected kingdom cards are different
  2211000:   57:  for (i = 0; i < 10; i++)
branch  0 taken 91%
branch  1 taken 9% (fallthrough)
        -:   58:    {
 22110000:   59:      for (j = 0; j < 10; j++)
branch  0 taken 91%
branch  1 taken 9% (fallthrough)
        -:   60:        {
 20100000:   61:	  if (j != i && kingdomCards[j] == kingdomCards[i])
branch  0 taken 90% (fallthrough)
branch  1 taken 10%
branch  2 taken 0% (fallthrough)
branch  3 taken 100%
        -:   62:	    {
    #####:   63:	      return -1;
        -:   64:	    }
        -:   65:        }
        -:   66:    }
        -:   67:
        -:   68:
        -:   69:  //initialize supply
        -:   70:  ///////////////////////////////
        -:   71:
        -:   72:  //set number of Curse cards
   201000:   73:  if (numPlayers == 2)
branch  0 taken 33% (fallthrough)
branch  1 taken 67%
        -:   74:    {
    66911:   75:      state->supplyCount[curse] = 10;
        -:   76:    }
   134089:   77:  else if (numPlayers == 3)
branch  0 taken 50% (fallthrough)
branch  1 taken 50%
        -:   78:    {
    66713:   79:      state->supplyCount[curse] = 20;
        -:   80:    }
        -:   81:  else
        -:   82:    {
    67376:   83:      state->supplyCount[curse] = 30;
        -:   84:    }
        -:   85:
        -:   86:  //set number of Victory cards
   201000:   87:  if (numPlayers == 2)
branch  0 taken 33% (fallthrough)
branch  1 taken 67%
        -:   88:    {
    66911:   89:      state->supplyCount[estate] = 8;
    66911:   90:      state->supplyCount[duchy] = 8;
    66911:   91:      state->supplyCount[province] = 8;
        -:   92:    }
        -:   93:  else
        -:   94:    {
   134089:   95:      state->supplyCount[estate] = 12;
   134089:   96:      state->supplyCount[duchy] = 12;
   134089:   97:      state->supplyCount[province] = 12;
        -:   98:    }
        -:   99:
        -:  100:  //set number of Treasure cards
   201000:  101:  state->supplyCount[copper] = 60 - (7 * numPlayers);
   201000:  102:  state->supplyCount[silver] = 40;
   201000:  103:  state->supplyCount[gold] = 30;
        -:  104:
        -:  105:  //set number of Kingdom cards
  4221000:  106:  for (i = adventurer; i <= treasure_map; i++)       	//loop all cards
branch  0 taken 95%
branch  1 taken 5% (fallthrough)
        -:  107:    {
 33165000:  108:      for (j = 0; j < 10; j++)           		//loop chosen cards
branch  0 taken 94%
branch  1 taken 6% (fallthrough)
        -:  109:	{
 31155000:  110:	  if (kingdomCards[j] == i)
branch  0 taken 6% (fallthrough)
branch  1 taken 94%
        -:  111:	    {
        -:  112:	      //check if card is a 'Victory' Kingdom card
  2010000:  113:	      if (kingdomCards[j] == great_hall || kingdomCards[j] == gardens)
branch  0 taken 100% (fallthrough)
branch  1 taken 0%
branch  2 taken 10% (fallthrough)
branch  3 taken 90%
        -:  114:		{
   402000:  115:		  if (numPlayers == 2){ 
branch  0 taken 33% (fallthrough)
branch  1 taken 67%
    66911:  116:		    state->supplyCount[i] = 8; 
        -:  117:		  }
   134089:  118:		  else{ state->supplyCount[i] = 12; }
        -:  119:		}
        -:  120:	      else
        -:  121:		{
  1809000:  122:		  state->supplyCount[i] = 10;
        -:  123:		}
  2010000:  124:	      break;
        -:  125:	    }
        -:  126:	  else    //card is not in the set choosen for the game
        -:  127:	    {
 29145000:  128:	      state->supplyCount[i] = -1;
        -:  129:	    }
        -:  130:	}
        -:  131:
        -:  132:    }
        -:  133:
        -:  134:  ////////////////////////
        -:  135:  //supply intilization complete
        -:  136:
        -:  137:  //set player decks
   804465:  138:  for (i = 0; i < numPlayers; i++)
branch  0 taken 75%
branch  1 taken 25% (fallthrough)
        -:  139:    {
   603465:  140:      state->deckCount[i] = 0;
  2413860:  141:      for (j = 0; j < 3; j++)
branch  0 taken 75%
branch  1 taken 25% (fallthrough)
        -:  142:	{
  1810395:  143:	  state->deck[i][j] = estate;
  1810395:  144:	  state->deckCount[i]++;
        -:  145:	}
  4827720:  146:      for (j = 3; j < 10; j++)
branch  0 taken 88%
branch  1 taken 13% (fallthrough)
        -:  147:	{
  4224255:  148:	  state->deck[i][j] = copper;
  4224255:  149:	  state->deckCount[i]++;		
        -:  150:	}
        -:  151:    }
        -:  152:
        -:  153:  //shuffle player decks
   804465:  154:  for (i = 0; i < numPlayers; i++)
branch  0 taken 75%
branch  1 taken 25% (fallthrough)
        -:  155:    {
   603465:  156:      if ( shuffle(i, state) < 0 )
call    0 returned 100%
branch  1 taken 0% (fallthrough)
branch  2 taken 100%
        -:  157:	{
    #####:  158:	  return -1;
        -:  159:	}
        -:  160:    }
        -:  161:
        -:  162:  //draw player hands
   804465:  163:  for (i = 0; i < numPlayers; i++)
branch  0 taken 75%
branch  1 taken 25% (fallthrough)
        -:  164:    {  
        -:  165:      //initialize hand size to zero
   603465:  166:      state->handCount[i] = 0;
   603465:  167:      state->discardCount[i] = 0;
        -:  168:      //draw 5 cards
        -:  169:      // for (j = 0; j < 5; j++)
        -:  170:      //	{
        -:  171:      //	  drawCard(i, state);
        -:  172:      //	}
        -:  173:    }
        -:  174:  
        -:  175:  //set embargo tokens to 0 for all supply piles
  5628000:  176:  for (i = 0; i <= treasure_map; i++)
branch  0 taken 96%
branch  1 taken 4% (fallthrough)
        -:  177:    {
  5427000:  178:      state->embargoTokens[i] = 0;
        -:  179:    }
        -:  180:
        -:  181:  //initialize first player's turn
   201000:  182:  state->outpostPlayed = 0;
   201000:  183:  state->phase = 0;
   201000:  184:  state->numActions = 1;
   201000:  185:  state->numBuys = 1;
   201000:  186:  state->playedCardCount = 0;
   201000:  187:  state->whoseTurn = 0;
   201000:  188:  state->handCount[state->whoseTurn] = 0;
        -:  189:  //int it; move to top
        -:  190:
        -:  191:  //Moved draw cards to here, only drawing at the start of a turn
  1206000:  192:  for (it = 0; it < 5; it++){
branch  0 taken 83%
branch  1 taken 17% (fallthrough)
  1005000:  193:    drawCard(state->whoseTurn, state);
call    0 returned 100%
        -:  194:  }
        -:  195:
   201000:  196:  updateCoins(state->whoseTurn, state, 0);
call    0 returned 100%
        -:  197:
   201000:  198:  return 0;
        -:  199:}
        -:  200:
function shuffle called 616959 returned 100% blocks executed 100%
   616959:  201:int shuffle(int player, struct gameState *state) {
        -:  202: 
        -:  203:
        -:  204:  int newDeck[MAX_DECK];
   616959:  205:  int newDeckPos = 0;
        -:  206:  int card;
        -:  207:  int i;
        -:  208:
   616959:  209:  if (state->deckCount[player] < 1)
branch  0 taken 1% (fallthrough)
branch  1 taken 99%
     7334:  210:    return -1;
   609625:  211:  qsort ((void*)(state->deck[player]), state->deckCount[player], sizeof(int), compare); 
call    0 returned 100%
        -:  212:  /* SORT CARDS IN DECK TO ENSURE DETERMINISM! */
        -:  213:
 10138854:  214:  while (state->deckCount[player] > 0) {
branch  0 taken 94%
branch  1 taken 6% (fallthrough)
  8919604:  215:    card = floor(Random() * state->deckCount[player]);
call    0 returned 100%
  8919604:  216:    newDeck[newDeckPos] = state->deck[player][card];
  8919604:  217:    newDeckPos++;
498987726:  218:    for (i = card; i < state->deckCount[player]-1; i++) {
branch  0 taken 98%
branch  1 taken 2% (fallthrough)
490068122:  219:      state->deck[player][i] = state->deck[player][i+1];
        -:  220:    }
  8919604:  221:    state->deckCount[player]--;
        -:  222:  }
  8136336:  223:  for (i = 0; i < newDeckPos; i++) {
branch  0 taken 93%
branch  1 taken 7% (fallthrough)
  7526711:  224:    state->deck[player][i] = newDeck[i];
  7526711:  225:    state->deckCount[player]++;
        -:  226:  }
        -:  227:
   609625:  228:  return 0;
        -:  229:}
        -:  230:
function playCard called 0 returned 0% blocks executed 0%
    #####:  231:int playCard(int handPos, int choice1, int choice2, int choice3, struct gameState *state) 
        -:  232:{	
        -:  233:  int card;
    #####:  234:  int coin_bonus = 0; 		//tracks coins gain from actions
        -:  235:
        -:  236:  //check if it is the right phase
    #####:  237:  if (state->phase != 0)
branch  0 never executed
branch  1 never executed
        -:  238:    {
    #####:  239:      return -1;
        -:  240:    }
        -:  241:	
        -:  242:  //check if player has enough actions
    #####:  243:  if ( state->numActions < 1 )
branch  0 never executed
branch  1 never executed
        -:  244:    {
    #####:  245:      return -1;
        -:  246:    }
        -:  247:	
        -:  248:  //get card played
    #####:  249:  card = handCard(handPos, state);
call    0 never executed
        -:  250:	
        -:  251:  //check if selected card is an action
    #####:  252:  if ( card < adventurer || card > treasure_map )
branch  0 never executed
branch  1 never executed
branch  2 never executed
branch  3 never executed
        -:  253:    {
    #####:  254:      return -1;
        -:  255:    }
        -:  256:	
        -:  257:  //play card
    #####:  258:  if ( cardEffect(card, choice1, choice2, choice3, state, handPos, &coin_bonus) < 0 )
call    0 never executed
branch  1 never executed
branch  2 never executed
        -:  259:    {
    #####:  260:      return -1;
        -:  261:    }
        -:  262:	
        -:  263:  //reduce number of actions
    #####:  264:  state->numActions--;
        -:  265:
        -:  266:  //update coins (Treasure cards may be added with card draws)
    #####:  267:  updateCoins(state->whoseTurn, state, coin_bonus);
call    0 never executed
        -:  268:	
    #####:  269:  return 0;
        -:  270:}
        -:  271:
function buyCard called 0 returned 0% blocks executed 0%
    #####:  272:int buyCard(int supplyPos, struct gameState *state) {
        -:  273:  int who;
        -:  274:  if (DEBUG){
        -:  275:    printf("Entering buyCard...\n");
        -:  276:  }
        -:  277:
        -:  278:  // I don't know what to do about the phase thing.
        -:  279:
    #####:  280:  who = state->whoseTurn;
        -:  281:
    #####:  282:  if (state->numBuys < 1){
branch  0 never executed
branch  1 never executed
        -:  283:    if (DEBUG)
        -:  284:      printf("You do not have any buys left\n");
    #####:  285:    return -1;
    #####:  286:  } else if (supplyCount(supplyPos, state) <1){
call    0 never executed
branch  1 never executed
branch  2 never executed
        -:  287:    if (DEBUG)
        -:  288:      printf("There are not any of that type of card left\n");
    #####:  289:    return -1;
    #####:  290:  } else if (state->coins < getCost(supplyPos)){
call    0 never executed
branch  1 never executed
branch  2 never executed
        -:  291:    if (DEBUG) 
        -:  292:      printf("You do not have enough money to buy that. You have %d coins.\n", state->coins);
    #####:  293:    return -1;
        -:  294:  } else {
    #####:  295:    state->phase=1;
        -:  296:    //state->supplyCount[supplyPos]--;
    #####:  297:    gainCard(supplyPos, state, 0, who); //card goes in discard, this might be wrong.. (2 means goes into hand, 0 goes into discard)
call    0 never executed
        -:  298:  
    #####:  299:    state->coins = (state->coins) - (getCost(supplyPos));
call    0 never executed
    #####:  300:    state->numBuys--;
        -:  301:    if (DEBUG)
        -:  302:      printf("You bought card number %d for %d coins. You now have %d buys and %d coins.\n", supplyPos, getCost(supplyPos), state->numBuys, state->coins);
        -:  303:  }
        -:  304:
        -:  305:  //state->discard[who][state->discardCount[who]] = supplyPos;
        -:  306:  //state->discardCount[who]++;
        -:  307:    
    #####:  308:  return 0;
        -:  309:}
        -:  310:
function numHandCards called 0 returned 0% blocks executed 0%
    #####:  311:int numHandCards(struct gameState *state) {
    #####:  312:  return state->handCount[ whoseTurn(state) ];
call    0 never executed
        -:  313:}
        -:  314:
function handCard called 0 returned 0% blocks executed 0%
    #####:  315:int handCard(int handPos, struct gameState *state) {
    #####:  316:  int currentPlayer = whoseTurn(state);
call    0 never executed
    #####:  317:  return state->hand[currentPlayer][handPos];
        -:  318:}
        -:  319:
function supplyCount called 0 returned 0% blocks executed 0%
    #####:  320:int supplyCount(int card, struct gameState *state) {
    #####:  321:  return state->supplyCount[card];
        -:  322:}
        -:  323:
function fullDeckCount called 0 returned 0% blocks executed 0%
    #####:  324:int fullDeckCount(int player, int card, struct gameState *state) {
        -:  325:  int i;
    #####:  326:  int count = 0;
        -:  327:
    #####:  328:  for (i = 0; i < state->deckCount[player]; i++)
branch  0 never executed
branch  1 never executed
        -:  329:    {
    #####:  330:      if (state->deck[player][i] == card) count++;
branch  0 never executed
branch  1 never executed
        -:  331:    }
        -:  332:
    #####:  333:  for (i = 0; i < state->handCount[player]; i++)
branch  0 never executed
branch  1 never executed
        -:  334:    {
    #####:  335:      if (state->hand[player][i] == card) count++;
branch  0 never executed
branch  1 never executed
        -:  336:    }
        -:  337:
    #####:  338:  for (i = 0; i < state->discardCount[player]; i++)
branch  0 never executed
branch  1 never executed
        -:  339:    {
    #####:  340:      if (state->discard[player][i] == card) count++;
branch  0 never executed
branch  1 never executed
        -:  341:    }
        -:  342:
    #####:  343:  return count;
        -:  344:}
        -:  345:
function whoseTurn called 402000 returned 100% blocks executed 100%
   402000:  346:int whoseTurn(struct gameState *state) {
   402000:  347:  return state->whoseTurn;
        -:  348:}
        -:  349:
function endTurn called 0 returned 0% blocks executed 0%
    #####:  350:int endTurn(struct gameState *state) {
        -:  351:  int k;
        -:  352:  int i;
    #####:  353:  int currentPlayer = whoseTurn(state);
call    0 never executed
        -:  354:  
        -:  355:  //Discard hand
    #####:  356:  for (i = 0; i < state->handCount[currentPlayer]; i++){
branch  0 never executed
branch  1 never executed
    #####:  357:    state->discard[currentPlayer][state->discardCount[currentPlayer]++] = state->hand[currentPlayer][i];//Discard
    #####:  358:    state->hand[currentPlayer][i] = -1;//Set card to -1
        -:  359:  }
    #####:  360:  state->handCount[currentPlayer] = 0;//Reset hand count
        -:  361:    
        -:  362:  //Code for determining the player
    #####:  363:  if (currentPlayer < (state->numPlayers - 1)){ 
branch  0 never executed
branch  1 never executed
    #####:  364:    state->whoseTurn = currentPlayer + 1;//Still safe to increment
        -:  365:  }
        -:  366:  else{
    #####:  367:    state->whoseTurn = 0;//Max player has been reached, loop back around to player 1
        -:  368:  }
        -:  369:
    #####:  370:  state->outpostPlayed = 0;
    #####:  371:  state->phase = 0;
    #####:  372:  state->numActions = 1;
    #####:  373:  state->coins = 0;
    #####:  374:  state->numBuys = 1;
    #####:  375:  state->playedCardCount = 0;
    #####:  376:  state->handCount[state->whoseTurn] = 0;
        -:  377:
        -:  378:  //int k; move to top
        -:  379:  //Next player draws hand
    #####:  380:  for (k = 0; k < 5; k++){
branch  0 never executed
branch  1 never executed
    #####:  381:    drawCard(state->whoseTurn, state);//Draw a card
call    0 never executed
        -:  382:  }
        -:  383:
        -:  384:  //Update money
    #####:  385:  updateCoins(state->whoseTurn, state , 0);
call    0 never executed
        -:  386:
    #####:  387:  return 0;
        -:  388:}
        -:  389:
function isGameOver called 0 returned 0% blocks executed 0%
    #####:  390:int isGameOver(struct gameState *state) {
        -:  391:  int i;
        -:  392:  int j;
        -:  393:	
        -:  394:  //if stack of Province cards is empty, the game ends
    #####:  395:  if (state->supplyCount[province] == 0)
branch  0 never executed
branch  1 never executed
        -:  396:    {
    #####:  397:      return 1;
        -:  398:    }
        -:  399:
        -:  400:  //if three supply pile are at 0, the game ends
    #####:  401:  j = 0;
    #####:  402:  for (i = 0; i < 25; i++)
branch  0 never executed
branch  1 never executed
        -:  403:    {
    #####:  404:      if (state->supplyCount[i] == 0)
branch  0 never executed
branch  1 never executed
        -:  405:	{
    #####:  406:	  j++;
        -:  407:	}
        -:  408:    }
    #####:  409:  if ( j >= 3)
branch  0 never executed
branch  1 never executed
        -:  410:    {
    #####:  411:      return 1;
        -:  412:    }
        -:  413:
    #####:  414:  return 0;
        -:  415:}
        -:  416:
function scoreFor called 0 returned 0% blocks executed 0%
    #####:  417:int scoreFor (int player, struct gameState *state) {
        -:  418:
        -:  419:  int i;
    #####:  420:  int score = 0;
        -:  421:  //score from hand
    #####:  422:  for (i = 0; i < state->handCount[player]; i++)
branch  0 never executed
branch  1 never executed
        -:  423:    {
    #####:  424:      if (state->hand[player][i] == curse) { score = score - 1; };
branch  0 never executed
branch  1 never executed
    #####:  425:      if (state->hand[player][i] == estate) { score = score + 1; };
branch  0 never executed
branch  1 never executed
    #####:  426:      if (state->hand[player][i] == duchy) { score = score + 3; };
branch  0 never executed
branch  1 never executed
    #####:  427:      if (state->hand[player][i] == province) { score = score + 6; };
branch  0 never executed
branch  1 never executed
    #####:  428:      if (state->hand[player][i] == great_hall) { score = score + 1; };
branch  0 never executed
branch  1 never executed
    #####:  429:      if (state->hand[player][i] == gardens) { score = score + ( fullDeckCount(player, 0, state) / 10 ); };
branch  0 never executed
branch  1 never executed
call    2 never executed
        -:  430:    }
        -:  431:
        -:  432:  //score from discard
    #####:  433:  for (i = 0; i < state->discardCount[player]; i++)
branch  0 never executed
branch  1 never executed
        -:  434:    {
    #####:  435:      if (state->discard[player][i] == curse) { score = score - 1; };
branch  0 never executed
branch  1 never executed
    #####:  436:      if (state->discard[player][i] == estate) { score = score + 1; };
branch  0 never executed
branch  1 never executed
    #####:  437:      if (state->discard[player][i] == duchy) { score = score + 3; };
branch  0 never executed
branch  1 never executed
    #####:  438:      if (state->discard[player][i] == province) { score = score + 6; };
branch  0 never executed
branch  1 never executed
    #####:  439:      if (state->discard[player][i] == great_hall) { score = score + 1; };
branch  0 never executed
branch  1 never executed
    #####:  440:      if (state->discard[player][i] == gardens) { score = score + ( fullDeckCount(player, 0, state) / 10 ); };
branch  0 never executed
branch  1 never executed
call    2 never executed
        -:  441:    }
        -:  442:
        -:  443:  //score from deck
    #####:  444:  for (i = 0; i < state->discardCount[player]; i++)
branch  0 never executed
branch  1 never executed
        -:  445:    {
    #####:  446:      if (state->deck[player][i] == curse) { score = score - 1; };
branch  0 never executed
branch  1 never executed
    #####:  447:      if (state->deck[player][i] == estate) { score = score + 1; };
branch  0 never executed
branch  1 never executed
    #####:  448:      if (state->deck[player][i] == duchy) { score = score + 3; };
branch  0 never executed
branch  1 never executed
    #####:  449:      if (state->deck[player][i] == province) { score = score + 6; };
branch  0 never executed
branch  1 never executed
    #####:  450:      if (state->deck[player][i] == great_hall) { score = score + 1; };
branch  0 never executed
branch  1 never executed
    #####:  451:      if (state->deck[player][i] == gardens) { score = score + ( fullDeckCount(player, 0, state) / 10 ); };
branch  0 never executed
branch  1 never executed
call    2 never executed
        -:  452:    }
        -:  453:
    #####:  454:  return score;
        -:  455:}
        -:  456:
function getWinners called 0 returned 0% blocks executed 0%
    #####:  457:int getWinners(int players[MAX_PLAYERS], struct gameState *state) {
        -:  458:  int i;	
        -:  459:  int j;
        -:  460:  int highScore;
        -:  461:  int currentPlayer;
        -:  462:
        -:  463:  //get score for each player
    #####:  464:  for (i = 0; i < MAX_PLAYERS; i++)
branch  0 never executed
branch  1 never executed
        -:  465:    {
        -:  466:      //set unused player scores to -9999
    #####:  467:      if (i >= state->numPlayers)
branch  0 never executed
branch  1 never executed
        -:  468:	{
    #####:  469:	  players[i] = -9999;
        -:  470:	}
        -:  471:      else
        -:  472:	{
    #####:  473:	  players[i] = scoreFor (i, state);
call    0 never executed
        -:  474:	}
        -:  475:    }
        -:  476:
        -:  477:  //find highest score
    #####:  478:  j = 0;
    #####:  479:  for (i = 0; i < MAX_PLAYERS; i++)
branch  0 never executed
branch  1 never executed
        -:  480:    {
    #####:  481:      if (players[i] > players[j])
branch  0 never executed
branch  1 never executed
        -:  482:	{
    #####:  483:	  j = i;
        -:  484:	}
        -:  485:    }
    #####:  486:  highScore = players[j];
        -:  487:
        -:  488:  //add 1 to players who had less turns
    #####:  489:  currentPlayer = whoseTurn(state);
call    0 never executed
    #####:  490:  for (i = 0; i < MAX_PLAYERS; i++)
branch  0 never executed
branch  1 never executed
        -:  491:    {
    #####:  492:      if ( players[i] == highScore && i > currentPlayer )
branch  0 never executed
branch  1 never executed
branch  2 never executed
branch  3 never executed
        -:  493:	{
    #####:  494:	  players[i]++;
        -:  495:	}
        -:  496:    }
        -:  497:
        -:  498:  //find new highest score
    #####:  499:  j = 0;
    #####:  500:  for (i = 0; i < MAX_PLAYERS; i++)
branch  0 never executed
branch  1 never executed
        -:  501:    {
    #####:  502:      if ( players[i] > players[j] )
branch  0 never executed
branch  1 never executed
        -:  503:	{
    #####:  504:	  j = i;
        -:  505:	}
        -:  506:    }
    #####:  507:  highScore = players[j];
        -:  508:
        -:  509:  //set winners in array to 1 and rest to 0
    #####:  510:  for (i = 0; i < MAX_PLAYERS; i++)
branch  0 never executed
branch  1 never executed
        -:  511:    {
    #####:  512:      if ( players[i] == highScore )
branch  0 never executed
branch  1 never executed
        -:  513:	{
    #####:  514:	  players[i] = 1;
        -:  515:	}
        -:  516:      else
        -:  517:	{
    #####:  518:	  players[i] = 0;
        -:  519:	}
        -:  520:    }
        -:  521:
    #####:  522:  return 0;
        -:  523:}
        -:  524:
function drawCard called 4108797 returned 100% blocks executed 100%
  4108797:  525:int drawCard(int player, struct gameState *state)
        -:  526:{	int count;
        -:  527:  int deckCounter;
  4108797:  528:  if (state->deckCount[player] <= 0){//Deck is empty
branch  0 taken 1% (fallthrough)
branch  1 taken 99%
        -:  529:    
        -:  530:    //Step 1 Shuffle the discard pile back into a deck
        -:  531:    int i;
        -:  532:    //Move discard to deck
  2892106:  533:    for (i = 0; i < state->discardCount[player];i++){
branch  0 taken 99%
branch  1 taken 1% (fallthrough)
  2884954:  534:      state->deck[player][i] = state->discard[player][i];
  2884954:  535:      state->discard[player][i] = -1;
        -:  536:    }
        -:  537:
     7152:  538:    state->deckCount[player] = state->discardCount[player];
     7152:  539:    state->discardCount[player] = 0;//Reset discard
        -:  540:
        -:  541:    //Shufffle the deck
     7152:  542:    shuffle(player, state);//Shuffle the deck up and make it so that we can draw
call    0 returned 100%
        -:  543:   
        -:  544:    if (DEBUG){//Debug statements
        -:  545:      printf("Deck count now: %d\n", state->deckCount[player]);
        -:  546:    }
        -:  547:    
     7152:  548:    state->discardCount[player] = 0;
        -:  549:
        -:  550:    //Step 2 Draw Card
     7152:  551:    count = state->handCount[player];//Get current player's hand count
        -:  552:    
        -:  553:    if (DEBUG){//Debug statements
        -:  554:      printf("Current hand count: %d\n", count);
        -:  555:    }
        -:  556:    
     7152:  557:    deckCounter = state->deckCount[player];//Create a holder for the deck count
        -:  558:
     7152:  559:    if (deckCounter == 0)
branch  0 taken 14% (fallthrough)
branch  1 taken 86%
      992:  560:      return -1;
        -:  561:
     6160:  562:    state->hand[player][count] = state->deck[player][deckCounter - 1];//Add card to hand
     6160:  563:    state->deckCount[player]--;
     6160:  564:    state->handCount[player]++;//Increment hand count
        -:  565:  }
        -:  566:
        -:  567:  else{
  4101645:  568:    int count = state->handCount[player];//Get current hand count for player
        -:  569:    int deckCounter;
        -:  570:    if (DEBUG){//Debug statements
        -:  571:      printf("Current hand count: %d\n", count);
        -:  572:    }
        -:  573:
  4101645:  574:    deckCounter = state->deckCount[player];//Create holder for the deck count
  4101645:  575:    state->hand[player][count] = state->deck[player][deckCounter - 1];//Add card to the hand
  4101645:  576:    state->deckCount[player]--;
  4101645:  577:    state->handCount[player]++;//Increment hand count
        -:  578:  }
        -:  579:
  4107805:  580:  return 0;
        -:  581:}
        -:  582:
function getCost called 0 returned 0% blocks executed 0%
    #####:  583:int getCost(int cardNumber)
        -:  584:{
    #####:  585:  switch( cardNumber ) 
branch  0 never executed
branch  1 never executed
branch  2 never executed
branch  3 never executed
branch  4 never executed
branch  5 never executed
branch  6 never executed
branch  7 never executed
branch  8 never executed
branch  9 never executed
branch 10 never executed
branch 11 never executed
branch 12 never executed
branch 13 never executed
branch 14 never executed
branch 15 never executed
branch 16 never executed
branch 17 never executed
branch 18 never executed
branch 19 never executed
branch 20 never executed
branch 21 never executed
branch 22 never executed
branch 23 never executed
branch 24 never executed
branch 25 never executed
branch 26 never executed
branch 27 never executed
        -:  586:    {
        -:  587:    case curse:
    #####:  588:      return 0;
        -:  589:    case estate:
    #####:  590:      return 2;
        -:  591:    case duchy:
    #####:  592:      return 5;
        -:  593:    case province:
    #####:  594:      return 8;
        -:  595:    case copper:
    #####:  596:      return 0;
        -:  597:    case silver:
    #####:  598:      return 3;
        -:  599:    case gold:
    #####:  600:      return 6;
        -:  601:    case adventurer:
    #####:  602:      return 6;
        -:  603:    case council_room:
    #####:  604:      return 5;
        -:  605:    case feast:
    #####:  606:      return 4;
        -:  607:    case gardens:
    #####:  608:      return 4;
        -:  609:    case mine:
    #####:  610:      return 5;
        -:  611:    case remodel:
    #####:  612:      return 4;
        -:  613:    case smithy:
    #####:  614:      return 4;
        -:  615:    case village:
    #####:  616:      return 3;
        -:  617:    case baron:
    #####:  618:      return 4;
        -:  619:    case great_hall:
    #####:  620:      return 3;
        -:  621:    case minion:
    #####:  622:      return 5;
        -:  623:    case steward:
    #####:  624:      return 3;
        -:  625:    case tribute:
    #####:  626:      return 5;
        -:  627:    case ambassador:
    #####:  628:      return 3;
        -:  629:    case cutpurse:
    #####:  630:      return 4;
        -:  631:    case embargo: 
    #####:  632:      return 2;
        -:  633:    case outpost:
    #####:  634:      return 5;
        -:  635:    case salvager:
    #####:  636:      return 4;
        -:  637:    case sea_hag:
    #####:  638:      return 4;
        -:  639:    case treasure_map:
    #####:  640:      return 4;
        -:  641:    }
        -:  642:	
    #####:  643:  return -1;
        -:  644:}
        -:  645:
function adventurerCard called 100000 returned 100% blocks executed 94%
   100000:  646:int adventurerCard(struct gameState *state){
        -:  647:
   100000:  648:  int currentPlayer = whoseTurn(state);
call    0 returned 100%
        -:  649:  int temphand[MAX_HAND];
        -:  650:
   100000:  651:  int drawntreasure=0;
        -:  652:  int cardDrawn;
   100000:  653:  int z = 0;//this is the counter for the temp hand
        -:  654:
        -:  655:
  2903797:  656:  while(drawntreasure<=2){
branch  0 taken 96%
branch  1 taken 4% (fallthrough)
  2703797:  657:	if (state->deckCount[currentPlayer] <1){//if the deck is empty we need to shuffle discard and add to deck
branch  0 taken 1% (fallthrough)
branch  1 taken 99%
     6342:  658:	  shuffle(currentPlayer, state);
call    0 returned 100%
        -:  659:	}
  2703797:  660:	drawCard(currentPlayer, state);
call    0 returned 100%
  2703797:  661:	cardDrawn = state->hand[currentPlayer][state->handCount[currentPlayer]-1];//top card of hand is most recently drawn card.
  2703797:  662:	if (cardDrawn == copper || cardDrawn == silver || cardDrawn == gold)
branch  0 taken 96% (fallthrough)
branch  1 taken 4%
branch  2 taken 96% (fallthrough)
branch  3 taken 4%
branch  4 taken 4% (fallthrough)
branch  5 taken 96%
   300000:  663:	  drawntreasure++;
        -:  664:	else{
  2403797:  665:	  temphand[z]=cardDrawn;
  2403797:  666:	  state->handCount[currentPlayer]--; //this should just remove the top card (the most recently drawn one).
        -:  667:	}
        -:  668:  }
   200000:  669:  while(z-1>=0){
branch  0 taken 0%
branch  1 taken 100% (fallthrough)
    #####:  670:	state->discard[currentPlayer][state->discardCount[currentPlayer]++]=temphand[z-1]; // discard all cards in play that have been drawn
    #####:  671:	z=z-1;
        -:  672:  }   
        -:  673:  
   100000:  674:  return 0;
        -:  675:}
        -:  676:
function gardensCard called 0 returned 0% blocks executed 0%
    #####:  677:int gardensCard(){
        -:  678:
    #####:  679:  return 0;
        -:  680:}
        -:  681:
function smithyCard called 100000 returned 100% blocks executed 100%
   100000:  682:int smithyCard(struct gameState *state, int handPos){
        -:  683:
        -:  684:  int i;
   100000:  685:  int currentPlayer = whoseTurn(state);
call    0 returned 100%
        -:  686:
        -:  687:  //+3 Cards
   500000:  688:  for (i = 0; i <= 3; i++)
branch  0 taken 80%
branch  1 taken 20% (fallthrough)
        -:  689:  {
   400000:  690: 	drawCard(currentPlayer, state);
call    0 returned 100%
        -:  691:  } 
        -:  692:			
        -:  693:  //discard card from hand
   100000:  694:  discardCard(handPos, currentPlayer, state, 1);
call    0 returned 100%
   100000:  695:  return 0;
        -:  696:	
        -:  697:}
        -:  698:
function sea_hagCard called 1000 returned 100% blocks executed 100%
     1000:  699:int sea_hagCard(struct gameState *state){
        -:  700:
        -:  701:  int i;
     1000:  702:  int currentPlayer = whoseTurn(state);
call    0 returned 100%
        -:  703:
     4029:  704:  for (i = 0; i < state->numPlayers; i++){
branch  0 taken 75%
branch  1 taken 25% (fallthrough)
     3029:  705:	if (i == currentPlayer){
branch  0 taken 33% (fallthrough)
branch  1 taken 67%
     1000:  706:	  state->discard[i][state->discardCount[i]] = state->deck[i][state->deckCount[i]--];			   
     1000:  707:          state->deckCount[i]--;
     1000:  708:	  state->discardCount[i]--;
     1000:  709:	  state->deck[i][state->deckCount[i]--] = curse;//Top card now a curse
        -:  710:	}
        -:  711:  }
     1000:  712:  return 0;
        -:  713:}
        -:  714:
function great_hallCard called 0 returned 0% blocks executed 0%
    #####:  715:int great_hallCard(struct gameState *state, int handPos){
        -:  716:
    #####:  717:  int currentPlayer = whoseTurn(state);
call    0 never executed
        -:  718:
        -:  719:  //+1 Card
    #####:  720:  drawCard(currentPlayer, state);
call    0 never executed
        -:  721:			
        -:  722:  //+1 Actions
    #####:  723:  state->numActions++;
        -:  724:			
        -:  725:  //discard card from hand
    #####:  726:  discardCard(handPos, currentPlayer, state, 0);
call    0 never executed
    #####:  727:  return 0;
        -:  728:}
        -:  729:
function cardEffect called 201000 returned 100% blocks executed 4%
   201000:  730:int cardEffect(int card, int choice1, int choice2, int choice3, struct gameState *state, int handPos, int *bonus)
        -:  731:{
        -:  732:  int i;
        -:  733:  int j;
        -:  734:  int k;
        -:  735:  int x;
        -:  736:  int index;
   201000:  737:  int currentPlayer = whoseTurn(state);
call    0 returned 100%
   201000:  738:  int nextPlayer = currentPlayer + 1;
        -:  739:
   201000:  740:  int tributeRevealedCards[2] = {-1, -1};
        -:  741:  int temphand[MAX_HAND];// moved above the if statement
   201000:  742:  int drawntreasure=0;
        -:  743:  int cardDrawn;
   201000:  744:  int z = 0;// this is the counter for the temp hand
   201000:  745:  if (nextPlayer > (state->numPlayers - 1)){
branch  0 taken 36% (fallthrough)
branch  1 taken 64%
    72523:  746:    nextPlayer = 0;
        -:  747:  }
        -:  748:  	
        -:  749:  //uses switch to select card and perform actions
   201000:  750:  switch( card ) 
branch  0 taken 50%
branch  1 taken 0%
branch  2 taken 0%
branch  3 taken 0%
branch  4 taken 0%
branch  5 taken 0%
branch  6 taken 50%
branch  7 taken 0%
branch  8 taken 0%
branch  9 taken 0%
branch 10 taken 0%
branch 11 taken 0%
branch 12 taken 0%
branch 13 taken 0%
branch 14 taken 0%
branch 15 taken 0%
branch 16 taken 0%
branch 17 taken 0%
branch 18 taken 1%
branch 19 taken 0%
branch 20 taken 0%
        -:  751:    {
        -:  752:    case adventurer:
   100000:  753:      return adventurerCard(state);
call    0 returned 100%
        -:  754:			
        -:  755:    case council_room:
        -:  756:      //+4 Cards
    #####:  757:      for (i = 0; i < 4; i++)
branch  0 never executed
branch  1 never executed
        -:  758:	{
    #####:  759:	  drawCard(currentPlayer, state);
call    0 never executed
        -:  760:	}
        -:  761:			
        -:  762:      //+1 Buy
    #####:  763:      state->numBuys++;
        -:  764:			
        -:  765:      //Each other player draws a card
    #####:  766:      for (i = 0; i < state->numPlayers; i++)
branch  0 never executed
branch  1 never executed
        -:  767:	{
    #####:  768:	  if ( i != currentPlayer )
branch  0 never executed
branch  1 never executed
        -:  769:	    {
    #####:  770:	      drawCard(i, state);
call    0 never executed
        -:  771:	    }
        -:  772:	}
        -:  773:			
        -:  774:      //put played card in played card pile
    #####:  775:      discardCard(handPos, currentPlayer, state, 0);
call    0 never executed
        -:  776:			
    #####:  777:      return 0;
        -:  778:			
        -:  779:    case feast:
        -:  780:      //gain card with cost up to 5
        -:  781:      //Backup hand
    #####:  782:      for (i = 0; i <= state->handCount[currentPlayer]; i++){
branch  0 never executed
branch  1 never executed
    #####:  783:	temphand[i] = state->hand[currentPlayer][i];//Backup card
    #####:  784:	state->hand[currentPlayer][i] = -1;//Set to nothing
        -:  785:      }
        -:  786:      //Backup hand
        -:  787:
        -:  788:      //Update Coins for Buy
    #####:  789:      updateCoins(currentPlayer, state, 5);
call    0 never executed
    #####:  790:      x = 1;//Condition to loop on
    #####:  791:      while( x == 1) {//Buy one card
branch  0 never executed
branch  1 never executed
    #####:  792:	if (supplyCount(choice1, state) <= 0){
call    0 never executed
branch  1 never executed
branch  2 never executed
        -:  793:	  if (DEBUG)
        -:  794:	    printf("None of that card left, sorry!\n");
        -:  795:
        -:  796:	  if (DEBUG){
        -:  797:	    printf("Cards Left: %d\n", supplyCount(choice1, state));
        -:  798:	  }
        -:  799:	}
    #####:  800:	else if (state->coins < getCost(choice1)){
call    0 never executed
branch  1 never executed
branch  2 never executed
    #####:  801:	  printf("That card is too expensive!\n");
call    0 never executed
        -:  802:
        -:  803:	  if (DEBUG){
        -:  804:	    printf("Coins: %d < %d\n", state->coins, getCost(choice1));
        -:  805:	  }
        -:  806:	}
        -:  807:	else{
        -:  808:
        -:  809:	  if (DEBUG){
        -:  810:	    printf("Deck Count: %d\n", state->handCount[currentPlayer] + state->deckCount[currentPlayer] + state->discardCount[currentPlayer]);
        -:  811:	  }
        -:  812:
    #####:  813:	  gainCard(choice1, state, 0, currentPlayer);//Gain the card
call    0 never executed
    #####:  814:	  x = 0;//No more buying cards
        -:  815:
        -:  816:	  if (DEBUG){
        -:  817:	    printf("Deck Count: %d\n", state->handCount[currentPlayer] + state->deckCount[currentPlayer] + state->discardCount[currentPlayer]);
        -:  818:	  }
        -:  819:
        -:  820:	}
        -:  821:      }     
        -:  822:
        -:  823:      //Reset Hand
    #####:  824:      for (i = 0; i <= state->handCount[currentPlayer]; i++){
branch  0 never executed
branch  1 never executed
    #####:  825:	state->hand[currentPlayer][i] = temphand[i];
    #####:  826:	temphand[i] = -1;
        -:  827:      }
        -:  828:      //Reset Hand
        -:  829:      			
    #####:  830:      return 0;
        -:  831:			
        -:  832:    case gardens:
    #####:  833:      return gardensCard();
call    0 never executed
        -:  834:			
        -:  835:    case mine:
    #####:  836:      j = state->hand[currentPlayer][choice1];  //store card we will trash
        -:  837:
    #####:  838:      if (state->hand[currentPlayer][choice1] < copper || state->hand[currentPlayer][choice1] > gold)
branch  0 never executed
branch  1 never executed
branch  2 never executed
branch  3 never executed
        -:  839:	{
    #####:  840:	  return -1;
        -:  841:	}
        -:  842:		
    #####:  843:      if (choice2 > treasure_map || choice2 < curse)
branch  0 never executed
branch  1 never executed
branch  2 never executed
branch  3 never executed
        -:  844:	{
    #####:  845:	  return -1;
        -:  846:	}
        -:  847:
    #####:  848:      if ( (getCost(state->hand[currentPlayer][choice1]) + 3) > getCost(choice2) )
call    0 never executed
call    1 never executed
branch  2 never executed
branch  3 never executed
        -:  849:	{
    #####:  850:	  return -1;
        -:  851:	}
        -:  852:
    #####:  853:      gainCard(choice2, state, 2, currentPlayer);
call    0 never executed
        -:  854:
        -:  855:      //discard card from hand
    #####:  856:      discardCard(handPos, currentPlayer, state, 0);
call    0 never executed
        -:  857:
        -:  858:      //discard trashed card
    #####:  859:      for (i = 0; i < state->handCount[currentPlayer]; i++)
branch  0 never executed
branch  1 never executed
        -:  860:	{
    #####:  861:	  if (state->hand[currentPlayer][i] == j)
branch  0 never executed
branch  1 never executed
        -:  862:	    {
    #####:  863:	      discardCard(i, currentPlayer, state, 0);			
call    0 never executed
    #####:  864:	      break;
        -:  865:	    }
        -:  866:	}
        -:  867:			
    #####:  868:      return 0;
        -:  869:			
        -:  870:    case remodel:
    #####:  871:      j = state->hand[currentPlayer][choice1];  //store card we will trash
        -:  872:
    #####:  873:      if ( (getCost(state->hand[currentPlayer][choice1]) + 2) > getCost(choice2) )
call    0 never executed
call    1 never executed
branch  2 never executed
branch  3 never executed
        -:  874:	{
    #####:  875:	  return -1;
        -:  876:	}
        -:  877:
    #####:  878:      gainCard(choice2, state, 0, currentPlayer);
call    0 never executed
        -:  879:
        -:  880:      //discard card from hand
    #####:  881:      discardCard(handPos, currentPlayer, state, 0);
call    0 never executed
        -:  882:
        -:  883:      //discard trashed card
    #####:  884:      for (i = 0; i < state->handCount[currentPlayer]; i++)
branch  0 never executed
branch  1 never executed
        -:  885:	{
    #####:  886:	  if (state->hand[currentPlayer][i] == j)
branch  0 never executed
branch  1 never executed
        -:  887:	    {
    #####:  888:	      discardCard(i, currentPlayer, state, 0);			
call    0 never executed
    #####:  889:	      break;
        -:  890:	    }
        -:  891:	}
        -:  892:
        -:  893:
    #####:  894:      return 0;
        -:  895:		
        -:  896:    case smithy:
   100000:  897:      return smithyCard(state, handPos);
call    0 returned 100%
        -:  898:		
        -:  899:    case village:
        -:  900:      //+1 Card
    #####:  901:      drawCard(currentPlayer, state);
call    0 never executed
        -:  902:			
        -:  903:      //+2 Actions
    #####:  904:      state->numActions = state->numActions + 2;
        -:  905:			
        -:  906:      //discard played card from hand
    #####:  907:      discardCard(handPos, currentPlayer, state, 0);
call    0 never executed
    #####:  908:      return 0;
        -:  909:		
        -:  910:    case baron:
    #####:  911:      state->numBuys++;//Increase buys by 1!
    #####:  912:      if (choice1 > 0){//Boolean true or going to discard an estate
branch  0 never executed
branch  1 never executed
    #####:  913:	int p = 0;//Iterator for hand!
    #####:  914:	int card_not_discarded = 1;//Flag for discard set!
    #####:  915:	while(card_not_discarded){
branch  0 never executed
branch  1 never executed
    #####:  916:	  if (state->hand[currentPlayer][p] == estate){//Found an estate card!
branch  0 never executed
branch  1 never executed
    #####:  917:	    state->coins += 4;//Add 4 coins to the amount of coins
    #####:  918:	    state->discard[currentPlayer][state->discardCount[currentPlayer]] = state->hand[currentPlayer][p];
    #####:  919:	    state->discardCount[currentPlayer]++;
    #####:  920:	    for (;p < state->handCount[currentPlayer]; p++){
branch  0 never executed
branch  1 never executed
    #####:  921:	      state->hand[currentPlayer][p] = state->hand[currentPlayer][p+1];
        -:  922:	    }
    #####:  923:	    state->hand[currentPlayer][state->handCount[currentPlayer]] = -1;
    #####:  924:	    state->handCount[currentPlayer]--;
    #####:  925:	    card_not_discarded = 0;//Exit the loop
        -:  926:	  }
    #####:  927:	  else if (p > state->handCount[currentPlayer]){
branch  0 never executed
branch  1 never executed
        -:  928:	    if(DEBUG) {
        -:  929:	      printf("No estate cards in your hand, invalid choice\n");
        -:  930:	      printf("Must gain an estate if there are any\n");
        -:  931:	    }
    #####:  932:	    if (supplyCount(estate, state) > 0){
call    0 never executed
branch  1 never executed
branch  2 never executed
    #####:  933:	      gainCard(estate, state, 0, currentPlayer);
call    0 never executed
    #####:  934:	      state->supplyCount[estate]--;//Decrement estates
    #####:  935:	      if (supplyCount(estate, state) == 0){
call    0 never executed
branch  1 never executed
branch  2 never executed
    #####:  936:		isGameOver(state);
call    0 never executed
        -:  937:	      }
        -:  938:	    }
    #####:  939:	    card_not_discarded = 0;//Exit the loop
        -:  940:	  }
        -:  941:			    
        -:  942:	  else{
    #####:  943:	    p++;//Next card
        -:  944:	  }
        -:  945:	}
        -:  946:      }
        -:  947:			    
        -:  948:      else{
    #####:  949:	if (supplyCount(estate, state) > 0){
call    0 never executed
branch  1 never executed
branch  2 never executed
    #####:  950:	  gainCard(estate, state, 0, currentPlayer);//Gain an estate
call    0 never executed
    #####:  951:	  state->supplyCount[estate]--;//Decrement Estates
    #####:  952:	  if (supplyCount(estate, state) == 0){
call    0 never executed
branch  1 never executed
branch  2 never executed
    #####:  953:	    isGameOver(state);
call    0 never executed
        -:  954:	  }
        -:  955:	}
        -:  956:      }
        -:  957:	    
        -:  958:      
    #####:  959:      return 0;
        -:  960:		
        -:  961:    case great_hall:
    #####:  962:      return great_hallCard(state, handPos);
call    0 never executed
        -:  963:		
        -:  964:    case minion:
        -:  965:      //+1 action
    #####:  966:      state->numActions++;
        -:  967:			
        -:  968:      //discard card from hand
    #####:  969:      discardCard(handPos, currentPlayer, state, 0);
call    0 never executed
        -:  970:			
    #####:  971:      if (choice1)		//+2 coins
branch  0 never executed
branch  1 never executed
        -:  972:	{
    #####:  973:	  state->coins = state->coins + 2;
        -:  974:	}
        -:  975:			
    #####:  976:      else if (choice2)		//discard hand, redraw 4, other players with 5+ cards discard hand and draw 4
branch  0 never executed
branch  1 never executed
        -:  977:	{
        -:  978:	  //discard hand
    #####:  979:	  while(numHandCards(state) > 0)
call    0 never executed
branch  1 never executed
branch  2 never executed
        -:  980:	    {
    #####:  981:	      discardCard(handPos, currentPlayer, state, 0);
call    0 never executed
        -:  982:	    }
        -:  983:				
        -:  984:	  //draw 4
    #####:  985:	  for (i = 0; i < 4; i++)
branch  0 never executed
branch  1 never executed
        -:  986:	    {
    #####:  987:	      drawCard(currentPlayer, state);
call    0 never executed
        -:  988:	    }
        -:  989:				
        -:  990:	  //other players discard hand and redraw if hand size > 4
    #####:  991:	  for (i = 0; i < state->numPlayers; i++)
branch  0 never executed
branch  1 never executed
        -:  992:	    {
    #####:  993:	      if (i != currentPlayer)
branch  0 never executed
branch  1 never executed
        -:  994:		{
    #####:  995:		  if ( state->handCount[i] > 4 )
branch  0 never executed
branch  1 never executed
        -:  996:		    {
        -:  997:		      //discard hand
    #####:  998:		      while( state->handCount[i] > 0 )
branch  0 never executed
branch  1 never executed
        -:  999:			{
    #####: 1000:			  discardCard(handPos, i, state, 0);
call    0 never executed
        -: 1001:			}
        -: 1002:							
        -: 1003:		      //draw 4
    #####: 1004:		      for (j = 0; j < 4; j++)
branch  0 never executed
branch  1 never executed
        -: 1005:			{
    #####: 1006:			  drawCard(i, state);
call    0 never executed
        -: 1007:			}
        -: 1008:		    }
        -: 1009:		}
        -: 1010:	    }
        -: 1011:				
        -: 1012:	}
    #####: 1013:      return 0;
        -: 1014:		
        -: 1015:    case steward:
    #####: 1016:      if (choice1 == 1)
branch  0 never executed
branch  1 never executed
        -: 1017:	{
        -: 1018:	  //+2 cards
    #####: 1019:	  drawCard(currentPlayer, state);
call    0 never executed
    #####: 1020:	  drawCard(currentPlayer, state);
call    0 never executed
        -: 1021:	}
    #####: 1022:      else if (choice1 == 2)
branch  0 never executed
branch  1 never executed
        -: 1023:	{
        -: 1024:	  //+2 coins
    #####: 1025:	  state->coins = state->coins + 2;
        -: 1026:	}
        -: 1027:      else
        -: 1028:	{
        -: 1029:	  //trash 2 cards in hand
    #####: 1030:	  discardCard(choice2, currentPlayer, state, 1);
call    0 never executed
    #####: 1031:	  discardCard(choice3, currentPlayer, state, 1);
call    0 never executed
        -: 1032:	}
        -: 1033:			
        -: 1034:      //discard card from hand
    #####: 1035:      discardCard(handPos, currentPlayer, state, 0);
call    0 never executed
    #####: 1036:      return 0;
        -: 1037:		
        -: 1038:    case tribute:
    #####: 1039:      if ((state->discardCount[nextPlayer] + state->deckCount[nextPlayer]) <= 1){
branch  0 never executed
branch  1 never executed
    #####: 1040:	if (state->deckCount[nextPlayer] > 0){
branch  0 never executed
branch  1 never executed
    #####: 1041:	  tributeRevealedCards[0] = state->deck[nextPlayer][state->deckCount[nextPlayer]-1];
    #####: 1042:	  state->deckCount[nextPlayer]--;
        -: 1043:	}
    #####: 1044:	else if (state->discardCount[nextPlayer] > 0){
branch  0 never executed
branch  1 never executed
    #####: 1045:	  tributeRevealedCards[0] = state->discard[nextPlayer][state->discardCount[nextPlayer]-1];
    #####: 1046:	  state->discardCount[nextPlayer]--;
        -: 1047:	}
        -: 1048:	else{
        -: 1049:	  //No Card to Reveal
        -: 1050:	  if (DEBUG){
        -: 1051:	    printf("No cards to reveal\n");
        -: 1052:	  }
        -: 1053:	}
        -: 1054:      }
        -: 1055:	    
        -: 1056:      else{
    #####: 1057:	if (state->deckCount[nextPlayer] == 0){
branch  0 never executed
branch  1 never executed
    #####: 1058:	  for (i = 0; i < state->discardCount[nextPlayer]; i++){
branch  0 never executed
branch  1 never executed
    #####: 1059:	    state->deck[nextPlayer][i] = state->discard[nextPlayer][i];//Move to deck
    #####: 1060:	    state->deckCount[nextPlayer]++;
    #####: 1061:	    state->discard[nextPlayer][i] = -1;
    #####: 1062:	    state->discardCount[nextPlayer]--;
        -: 1063:	  }
        -: 1064:			    
    #####: 1065:	  shuffle(nextPlayer,state);//Shuffle the deck
call    0 never executed
        -: 1066:	} 
    #####: 1067:	tributeRevealedCards[0] = state->deck[nextPlayer][state->deckCount[nextPlayer]-1];
    #####: 1068:	state->deck[nextPlayer][state->deckCount[nextPlayer]--] = -1;
    #####: 1069:	state->deckCount[nextPlayer]--;
    #####: 1070:	tributeRevealedCards[1] = state->deck[nextPlayer][state->deckCount[nextPlayer]-1];
    #####: 1071:	state->deck[nextPlayer][state->deckCount[nextPlayer]--] = -1;
    #####: 1072:	state->deckCount[nextPlayer]--;
        -: 1073:      }    
        -: 1074:		       
    #####: 1075:      if (tributeRevealedCards[0] == tributeRevealedCards[1]){//If we have a duplicate card, just drop one 
branch  0 never executed
branch  1 never executed
    #####: 1076:	state->playedCards[state->playedCardCount] = tributeRevealedCards[1];
    #####: 1077:	state->playedCardCount++;
    #####: 1078:	tributeRevealedCards[1] = -1;
        -: 1079:      }
        -: 1080:
    #####: 1081:      for (i = 0; i <= 2; i ++){
branch  0 never executed
branch  1 never executed
    #####: 1082:	if (tributeRevealedCards[i] == copper || tributeRevealedCards[i] == silver || tributeRevealedCards[i] == gold){//Treasure cards
branch  0 never executed
branch  1 never executed
branch  2 never executed
branch  3 never executed
branch  4 never executed
branch  5 never executed
    #####: 1083:	  state->coins += 2;
        -: 1084:	}
        -: 1085:		    
    #####: 1086:	else if (tributeRevealedCards[i] == estate || tributeRevealedCards[i] == duchy || tributeRevealedCards[i] == province || tributeRevealedCards[i] == gardens || tributeRevealedCards[i] == great_hall){//Victory Card Found
branch  0 never executed
branch  1 never executed
branch  2 never executed
branch  3 never executed
branch  4 never executed
branch  5 never executed
branch  6 never executed
branch  7 never executed
branch  8 never executed
branch  9 never executed
    #####: 1087:	  drawCard(currentPlayer, state);
call    0 never executed
    #####: 1088:	  drawCard(currentPlayer, state);
call    0 never executed
        -: 1089:	}
        -: 1090:	else{//Action Card
    #####: 1091:	  state->numActions = state->numActions + 2;
        -: 1092:	}
        -: 1093:      }
        -: 1094:	    
    #####: 1095:      return 0;
        -: 1096:		
        -: 1097:    case ambassador:
    #####: 1098:      j = 0;		//used to check if player has enough cards to discard
        -: 1099:
    #####: 1100:      if (choice2 > 2 || choice2 < 0)
branch  0 never executed
branch  1 never executed
branch  2 never executed
branch  3 never executed
        -: 1101:	{
    #####: 1102:	  return -1;				
        -: 1103:	}
        -: 1104:
    #####: 1105:      if (choice1 == handPos)
branch  0 never executed
branch  1 never executed
        -: 1106:	{
    #####: 1107:	  return -1;
        -: 1108:	}
        -: 1109:
    #####: 1110:      for (i = 0; i < state->handCount[currentPlayer]; i++)
branch  0 never executed
branch  1 never executed
        -: 1111:	{
    #####: 1112:	  if (i != handPos && i == state->hand[currentPlayer][choice1] && i != choice1)
branch  0 never executed
branch  1 never executed
branch  2 never executed
branch  3 never executed
branch  4 never executed
branch  5 never executed
        -: 1113:	    {
    #####: 1114:	      j++;
        -: 1115:	    }
        -: 1116:	}
    #####: 1117:      if (j < choice2)
branch  0 never executed
branch  1 never executed
        -: 1118:	{
    #####: 1119:	  return -1;				
        -: 1120:	}
        -: 1121:
        -: 1122:      if (DEBUG) 
        -: 1123:	printf("Player %d reveals card number: %d\n", currentPlayer, state->hand[currentPlayer][choice1]);
        -: 1124:
        -: 1125:      //increase supply count for choosen card by amount being discarded
    #####: 1126:      state->supplyCount[state->hand[currentPlayer][choice1]] += choice2;
        -: 1127:			
        -: 1128:      //each other player gains a copy of revealed card
    #####: 1129:      for (i = 0; i < state->numPlayers; i++)
branch  0 never executed
branch  1 never executed
        -: 1130:	{
    #####: 1131:	  if (i != currentPlayer)
branch  0 never executed
branch  1 never executed
        -: 1132:	    {
    #####: 1133:	      gainCard(state->hand[currentPlayer][choice1], state, 0, i);
call    0 never executed
        -: 1134:	    }
        -: 1135:	}
        -: 1136:
        -: 1137:      //discard played card from hand
    #####: 1138:      discardCard(handPos, currentPlayer, state, 0);			
call    0 never executed
        -: 1139:
        -: 1140:      //trash copies of cards returned to supply
    #####: 1141:      for (j = 0; j < choice2; j++)
branch  0 never executed
branch  1 never executed
        -: 1142:	{
    #####: 1143:	  for (i = 0; i < state->handCount[currentPlayer]; i++)
branch  0 never executed
branch  1 never executed
        -: 1144:	    {
    #####: 1145:	      if (state->hand[currentPlayer][i] == state->hand[currentPlayer][choice1])
branch  0 never executed
branch  1 never executed
        -: 1146:		{
    #####: 1147:		  discardCard(i, currentPlayer, state, 1);
call    0 never executed
    #####: 1148:		  break;
        -: 1149:		}
        -: 1150:	    }
        -: 1151:	}			
        -: 1152:
    #####: 1153:      return 0;
        -: 1154:		
        -: 1155:    case cutpurse:
        -: 1156:
    #####: 1157:      updateCoins(currentPlayer, state, 2);
call    0 never executed
    #####: 1158:      for (i = 0; i < state->numPlayers; i++)
branch  0 never executed
branch  1 never executed
        -: 1159:	{
    #####: 1160:	  if (i != currentPlayer)
branch  0 never executed
branch  1 never executed
        -: 1161:	    {
    #####: 1162:	      for (j = 0; j < state->handCount[i]; j++)
branch  0 never executed
branch  1 never executed
        -: 1163:		{
    #####: 1164:		  if (state->hand[i][j] == copper)
branch  0 never executed
branch  1 never executed
        -: 1165:		    {
    #####: 1166:		      discardCard(j, i, state, 0);
call    0 never executed
    #####: 1167:		      break;
        -: 1168:		    }
    #####: 1169:		  if (j == state->handCount[i])
branch  0 never executed
branch  1 never executed
        -: 1170:		    {
    #####: 1171:		      for (k = 0; k < state->handCount[i]; k++)
branch  0 never executed
branch  1 never executed
        -: 1172:			{
        -: 1173:			  if (DEBUG)
        -: 1174:			    printf("Player %d reveals card number %d\n", i, state->hand[i][k]);
        -: 1175:			}	
    #####: 1176:		      break;
        -: 1177:		    }		
        -: 1178:		}
        -: 1179:					
        -: 1180:	    }
        -: 1181:				
        -: 1182:	}				
        -: 1183:
        -: 1184:      //discard played card from hand
    #####: 1185:      discardCard(handPos, currentPlayer, state, 0);			
call    0 never executed
        -: 1186:
    #####: 1187:      return 0;
        -: 1188:
        -: 1189:		
        -: 1190:    case embargo: 
        -: 1191:      //+2 Coins
    #####: 1192:      state->coins = state->coins + 2;
        -: 1193:			
        -: 1194:      //see if selected pile is in play
    #####: 1195:      if ( state->supplyCount[choice1] == -1 )
branch  0 never executed
branch  1 never executed
        -: 1196:	{
    #####: 1197:	  return -1;
        -: 1198:	}
        -: 1199:			
        -: 1200:      //add embargo token to selected supply pile
    #####: 1201:      state->embargoTokens[choice1]++;
        -: 1202:			
        -: 1203:      //trash card
    #####: 1204:      discardCard(handPos, currentPlayer, state, 1);		
call    0 never executed
    #####: 1205:      return 0;
        -: 1206:		
        -: 1207:    case outpost:
        -: 1208:      //set outpost flag
    #####: 1209:      state->outpostPlayed++;
        -: 1210:			
        -: 1211:      //discard card
    #####: 1212:      discardCard(handPos, currentPlayer, state, 0);
call    0 never executed
    #####: 1213:      return 0;
        -: 1214:		
        -: 1215:    case salvager:
        -: 1216:      //+1 buy
    #####: 1217:      state->numBuys++;
        -: 1218:			
    #####: 1219:      if (choice1)
branch  0 never executed
branch  1 never executed
        -: 1220:	{
        -: 1221:	  //gain coins equal to trashed card
    #####: 1222:	  state->coins = state->coins + getCost( handCard(choice1, state) );
call    0 never executed
call    1 never executed
        -: 1223:	  //trash card
    #####: 1224:	  discardCard(choice1, currentPlayer, state, 1);	
call    0 never executed
        -: 1225:	}
        -: 1226:			
        -: 1227:      //discard card
    #####: 1228:      discardCard(handPos, currentPlayer, state, 0);
call    0 never executed
    #####: 1229:      return 0;
        -: 1230:		
        -: 1231:    case sea_hag:
     1000: 1232:      return sea_hagCard(state);
call    0 returned 100%
        -: 1233:		
        -: 1234:    case treasure_map:
        -: 1235:      //search hand for another treasure_map
    #####: 1236:      index = -1;
    #####: 1237:      for (i = 0; i < state->handCount[currentPlayer]; i++)
branch  0 never executed
branch  1 never executed
        -: 1238:	{
    #####: 1239:	  if (state->hand[currentPlayer][i] == treasure_map && i != handPos)
branch  0 never executed
branch  1 never executed
branch  2 never executed
branch  3 never executed
        -: 1240:	    {
    #####: 1241:	      index = i;
    #####: 1242:	      break;
        -: 1243:	    }
        -: 1244:	}
    #####: 1245:      if (index > -1)
branch  0 never executed
branch  1 never executed
        -: 1246:	{
        -: 1247:	  //trash both treasure cards
    #####: 1248:	  discardCard(handPos, currentPlayer, state, 1);
call    0 never executed
    #####: 1249:	  discardCard(index, currentPlayer, state, 1);
call    0 never executed
        -: 1250:
        -: 1251:	  //gain 4 Gold cards
    #####: 1252:	  for (i = 0; i < 4; i++)
branch  0 never executed
branch  1 never executed
        -: 1253:	    {
    #####: 1254:	      gainCard(gold, state, 1, currentPlayer);
call    0 never executed
        -: 1255:	    }
        -: 1256:				
        -: 1257:	  //return success
    #####: 1258:	  return 1;
        -: 1259:	}
        -: 1260:			
        -: 1261:      //no second treasure_map found in hand
    #####: 1262:      return -1;
        -: 1263:    }
        -: 1264:	
    #####: 1265:  return -1;
        -: 1266:}
        -: 1267:
function discardCard called 100000 returned 100% blocks executed 78%
   100000: 1268:int discardCard(int handPos, int currentPlayer, struct gameState *state, int trashFlag)
        -: 1269:{
        -: 1270:	
        -: 1271:  //if card is not trashed, added to Played pile 
   100000: 1272:  if (trashFlag < 1)
branch  0 taken 0% (fallthrough)
branch  1 taken 100%
        -: 1273:    {
        -: 1274:      //add card to played pile
    #####: 1275:      state->playedCards[state->playedCardCount] = state->hand[currentPlayer][handPos]; 
    #####: 1276:      state->playedCardCount++;
        -: 1277:    }
        -: 1278:	
        -: 1279:  //set played card to -1
   100000: 1280:  state->hand[currentPlayer][handPos] = -1;
        -: 1281:	
        -: 1282:  //remove card from player's hand
   100000: 1283:  if ( handPos == (state->handCount[currentPlayer] - 1) ) 	//last card in hand array is played
branch  0 taken 0% (fallthrough)
branch  1 taken 100%
        -: 1284:    {
        -: 1285:      //reduce number of cards in hand
    #####: 1286:      state->handCount[currentPlayer]--;
        -: 1287:    }
   100000: 1288:  else if ( state->handCount[currentPlayer] == 1 ) //only one card in hand
branch  0 taken 1% (fallthrough)
branch  1 taken 99%
        -: 1289:    {
        -: 1290:      //reduce number of cards in hand
        1: 1291:      state->handCount[currentPlayer]--;
        -: 1292:    }
        -: 1293:  else 	
        -: 1294:    {
        -: 1295:      //replace discarded card with last card in hand
    99999: 1296:      state->hand[currentPlayer][handPos] = state->hand[currentPlayer][ (state->handCount[currentPlayer] - 1)];
        -: 1297:      //set last card to -1
    99999: 1298:      state->hand[currentPlayer][state->handCount[currentPlayer] - 1] = -1;
        -: 1299:      //reduce number of cards in hand
    99999: 1300:      state->handCount[currentPlayer]--;
        -: 1301:    }
        -: 1302:	
   100000: 1303:  return 0;
        -: 1304:}
        -: 1305:
function gainCard called 0 returned 0% blocks executed 0%
    #####: 1306:int gainCard(int supplyPos, struct gameState *state, int toFlag, int player)
        -: 1307:{
        -: 1308:  //Note: supplyPos is enum of choosen card
        -: 1309:	
        -: 1310:  //check if supply pile is empty (0) or card is not used in game (-1)
    #####: 1311:  if ( supplyCount(supplyPos, state) < 1 )
call    0 never executed
branch  1 never executed
branch  2 never executed
        -: 1312:    {
    #####: 1313:      return -1;
        -: 1314:    }
        -: 1315:	
        -: 1316:  //added card for [whoseTurn] current player:
        -: 1317:  // toFlag = 0 : add to discard
        -: 1318:  // toFlag = 1 : add to deck
        -: 1319:  // toFlag = 2 : add to hand
        -: 1320:
    #####: 1321:  if (toFlag == 1)
branch  0 never executed
branch  1 never executed
        -: 1322:    {
    #####: 1323:      state->deck[ player ][ state->deckCount[player] ] = supplyPos;
    #####: 1324:      state->deckCount[player]++;
        -: 1325:    }
    #####: 1326:  else if (toFlag == 2)
branch  0 never executed
branch  1 never executed
        -: 1327:    {
    #####: 1328:      state->hand[ player ][ state->handCount[player] ] = supplyPos;
    #####: 1329:      state->handCount[player]++;
        -: 1330:    }
        -: 1331:  else
        -: 1332:    {
    #####: 1333:      state->discard[player][ state->discardCount[player] ] = supplyPos;
    #####: 1334:      state->discardCount[player]++;
        -: 1335:    }
        -: 1336:	
        -: 1337:  //decrease number in supply pile
    #####: 1338:  state->supplyCount[supplyPos]--;
        -: 1339:	 
    #####: 1340:  return 0;
        -: 1341:}
        -: 1342:
function updateCoins called 201000 returned 100% blocks executed 82%
   201000: 1343:int updateCoins(int player, struct gameState *state, int bonus)
        -: 1344:{
        -: 1345:  int i;
        -: 1346:	
        -: 1347:  //reset coin count
   201000: 1348:  state->coins = 0;
        -: 1349:
        -: 1350:  //add coins for each Treasure card in player's hand
  1206000: 1351:  for (i = 0; i < state->handCount[player]; i++)
branch  0 taken 83%
branch  1 taken 17% (fallthrough)
        -: 1352:    {
  1005000: 1353:      if (state->hand[player][i] == copper)
branch  0 taken 70% (fallthrough)
branch  1 taken 30%
        -: 1354:	{
   703503: 1355:	  state->coins += 1;
        -: 1356:	}
   301497: 1357:      else if (state->hand[player][i] == silver)
branch  0 taken 0% (fallthrough)
branch  1 taken 100%
        -: 1358:	{
    #####: 1359:	  state->coins += 2;
        -: 1360:	}
   301497: 1361:      else if (state->hand[player][i] == gold)
branch  0 taken 0% (fallthrough)
branch  1 taken 100%
        -: 1362:	{
    #####: 1363:	  state->coins += 3;
        -: 1364:	}	
        -: 1365:    }	
        -: 1366:
        -: 1367:  //add bonus
   201000: 1368:  state->coins += bonus;
        -: 1369:
   201000: 1370:  return 0;
        -: 1371:}
        -: 1372:
        -: 1373:
        -: 1374://end of dominion.c
        -: 1375:
